[12/08/24 13:54:28] [INFORMACIÓN] Se han borrado las tablas 
[12/08/24 13:54:28] [INFORMACIÓN] Se ha borrado el fichero de la BBDD 
[12/08/24 13:54:28] [INFORMACIÓN] Se han creado las tablas 
[12/08/24 13:54:28] [INFORMACIÓN] Se han borrado los datos 
[12/08/24 13:54:28] [INFORMACIÓN] Se ha recuperado la sesion Andar 
[12/08/24 13:54:28] [INFORMACIÓN] Se ha insertado la Sesion: Andar 
[12/08/24 13:54:28] [INFORMACIÓN] Se ha recuperado la sesion Andar 
[12/08/24 13:54:28] [INFORMACIÓN] Se ha insertado la Sesion: Andar 
[12/08/24 13:54:28] [INFORMACIÓN] Se ha recuperado la sesion Andar 
[12/08/24 13:54:28] [INFORMACIÓN] Se ha insertado la Sesion: Andar 
[12/08/24 13:54:28] [INFORMACIÓN] Se ha recuperado la sesion Andar 
[12/08/24 13:54:28] [INFORMACIÓN] Se ha insertado la Sesion: Andar 
[12/08/24 13:54:28] [INFORMACIÓN] Se ha recuperado la sesion Andar 
[12/08/24 13:54:28] [INFORMACIÓN] Se ha insertado la Sesion: Andar 
[12/08/24 13:54:28] [INFORMACIÓN] Se ha recuperado la sesion Andar 
[12/08/24 13:54:28] [INFORMACIÓN] Se ha insertado la Sesion: Andar 
[12/08/24 13:54:28] [INFORMACIÓN] Se ha recuperado la sesion Andar 
[12/08/24 13:54:28] [INFORMACIÓN] Se ha insertado la Sesion: Andar 
[12/08/24 13:54:28] [INFORMACIÓN] Se ha recuperado la sesion Andar 
[12/08/24 13:54:28] [INFORMACIÓN] Se ha insertado la Sesion: Andar 
[12/08/24 13:54:28] [INFORMACIÓN] Se ha recuperado la sesion Andar 
[12/08/24 13:54:28] [INFORMACIÓN] Se ha insertado la Sesion: Andar 
[12/08/24 13:54:28] [INFORMACIÓN] Se ha recuperado la sesion Andar 
[12/08/24 13:54:28] [INFORMACIÓN] Se ha insertado la Sesion: Andar 
[12/08/24 13:54:28] [INFORMACIÓN] Se ha recuperado la sesion Andar 
[12/08/24 13:54:28] [INFORMACIÓN] Se ha insertado la Sesion: Andar 
[12/08/24 13:54:28] [INFORMACIÓN] Se ha recuperado la sesion Andar 
[12/08/24 13:54:28] [INFORMACIÓN] Se ha insertado la Sesion: Andar 
[12/08/24 13:54:28] [INFORMACIÓN] Se ha recuperado la sesion Andar 
[12/08/24 13:54:28] [INFORMACIÓN] Se ha insertado la Sesion: Andar 
[12/08/24 13:54:28] [INFORMACIÓN] Se ha recuperado la sesion Andar 
[12/08/24 13:54:28] [INFORMACIÓN] Se ha insertado la Sesion: Andar 
[12/08/24 13:54:28] [INFORMACIÓN] Se ha recuperado la sesion Core 
[12/08/24 13:54:28] [INFORMACIÓN] Se ha insertado la Sesion: Core 
[12/08/24 13:54:28] [INFORMACIÓN] Se ha recuperado la sesion Core 
[12/08/24 13:54:29] [INFORMACIÓN] Se ha insertado la Sesion: Core 
[12/08/24 13:54:29] [INFORMACIÓN] Se ha recuperado la sesion Core 
[12/08/24 13:54:29] [INFORMACIÓN] Se ha insertado la Sesion: Core 
[12/08/24 13:54:29] [INFORMACIÓN] Se ha recuperado la sesion Core 
[12/08/24 13:54:29] [INFORMACIÓN] Se ha insertado la Sesion: Core 
[12/08/24 13:54:29] [INFORMACIÓN] Se ha recuperado la sesion Core 
[12/08/24 13:54:29] [INFORMACIÓN] Se ha insertado la Sesion: Core 
[12/08/24 13:54:29] [INFORMACIÓN] Se ha recuperado la sesion Core 
[12/08/24 13:54:29] [INFORMACIÓN] Se ha insertado la Sesion: Core 
[12/08/24 13:54:29] [INFORMACIÓN] Se ha recuperado la sesion Core 
[12/08/24 13:54:29] [INFORMACIÓN] Se ha insertado la Sesion: Core 
[12/08/24 13:54:29] [INFORMACIÓN] Se ha recuperado la sesion Core 
[12/08/24 13:54:29] [INFORMACIÓN] Se ha insertado la Sesion: Core 
[12/08/24 13:54:29] [INFORMACIÓN] Se ha recuperado la sesion Core 
[12/08/24 13:54:29] [INFORMACIÓN] Se ha insertado la Sesion: Core 
[12/08/24 13:54:29] [INFORMACIÓN] Se ha recuperado la sesion Core 
[12/08/24 13:54:29] [INFORMACIÓN] Se ha insertado la Sesion: Core 
[12/08/24 13:54:29] [INFORMACIÓN] Se ha recuperado la sesion Core 
[12/08/24 13:54:29] [INFORMACIÓN] Se ha insertado la Sesion: Core 
[12/08/24 13:54:29] [INFORMACIÓN] Se ha recuperado la sesion Core 
[12/08/24 13:54:29] [INFORMACIÓN] Se ha insertado la Sesion: Core 
[12/08/24 13:54:29] [INFORMACIÓN] Se ha recuperado la sesion Core 
[12/08/24 13:54:29] [INFORMACIÓN] Se ha insertado la Sesion: Core 
[12/08/24 13:54:29] [INFORMACIÓN] Se ha recuperado la sesion Core 
[12/08/24 13:54:29] [INFORMACIÓN] Se ha insertado la Sesion: Core 
[12/08/24 13:54:29] [INFORMACIÓN] Se ha recuperado la sesion Core 
[12/08/24 13:54:29] [INFORMACIÓN] Se ha insertado la Sesion: Core 
[12/08/24 13:54:29] [INFORMACIÓN] Se ha recuperado la sesion Core Avanzado 
[12/08/24 13:54:29] [INFORMACIÓN] Se ha insertado la Sesion: Core Avanzado 
[12/08/24 13:54:29] [INFORMACIÓN] Se ha recuperado la sesion Core Avanzado 
[12/08/24 13:54:29] [INFORMACIÓN] Se ha insertado la Sesion: Core Avanzado 
[12/08/24 13:54:29] [INFORMACIÓN] Se ha recuperado la sesion Core Avanzado 
[12/08/24 13:54:29] [INFORMACIÓN] Se ha insertado la Sesion: Core Avanzado 
[12/08/24 13:54:29] [INFORMACIÓN] Se ha recuperado la sesion Core Avanzado 
[12/08/24 13:54:29] [INFORMACIÓN] Se ha insertado la Sesion: Core Avanzado 
[12/08/24 13:54:29] [INFORMACIÓN] Se ha recuperado la sesion Core Avanzado 
[12/08/24 13:54:29] [INFORMACIÓN] Se ha insertado la Sesion: Core Avanzado 
[12/08/24 13:54:29] [INFORMACIÓN] Se ha recuperado la sesion Core Avanzado 
[12/08/24 13:54:29] [INFORMACIÓN] Se ha insertado la Sesion: Core Avanzado 
[12/08/24 13:54:29] [INFORMACIÓN] Se ha recuperado la sesion Core Avanzado 
[12/08/24 13:54:29] [INFORMACIÓN] Se ha insertado la Sesion: Core Avanzado 
[12/08/24 13:54:29] [INFORMACIÓN] Se ha recuperado la sesion Core Avanzado 
[12/08/24 13:54:29] [INFORMACIÓN] Se ha insertado la Sesion: Core Avanzado 
[12/08/24 13:54:29] [INFORMACIÓN] Se ha recuperado la sesion Core Avanzado 
[12/08/24 13:54:29] [INFORMACIÓN] Se ha insertado la Sesion: Core Avanzado 
[12/08/24 13:54:29] [INFORMACIÓN] Se ha recuperado la sesion Core Avanzado 
[12/08/24 13:54:29] [INFORMACIÓN] Se ha insertado la Sesion: Core Avanzado 
[12/08/24 13:54:29] [INFORMACIÓN] Se ha recuperado la sesion Core Avanzado 
[12/08/24 13:54:29] [INFORMACIÓN] Se ha insertado la Sesion: Core Avanzado 
[12/08/24 13:54:29] [INFORMACIÓN] Se ha recuperado la sesion Core Avanzado 
[12/08/24 13:54:29] [INFORMACIÓN] Se ha insertado la Sesion: Core Avanzado 
[12/08/24 13:54:29] [INFORMACIÓN] Se ha recuperado la sesion Core Avanzado 
[12/08/24 13:54:29] [INFORMACIÓN] Se ha insertado la Sesion: Core Avanzado 
[12/08/24 13:54:29] [INFORMACIÓN] Se ha recuperado la sesion Core Avanzado 
[12/08/24 13:54:29] [INFORMACIÓN] Se ha insertado la Sesion: Core Avanzado 
[12/08/24 13:54:29] [INFORMACIÓN] Se ha recuperado la sesion Core Avanzado 
[12/08/24 13:54:29] [INFORMACIÓN] Se ha insertado la Sesion: Core Avanzado 
[12/08/24 13:54:29] [INFORMACIÓN] Se ha recuperado la sesion Equilibrio 
[12/08/24 13:54:29] [INFORMACIÓN] Se ha insertado la Sesion: Equilibrio 
[12/08/24 13:54:29] [INFORMACIÓN] Se ha recuperado la sesion Equilibrio 
[12/08/24 13:54:29] [INFORMACIÓN] Se ha insertado la Sesion: Equilibrio 
[12/08/24 13:54:29] [INFORMACIÓN] Se ha recuperado la sesion Equilibrio 
[12/08/24 13:54:29] [INFORMACIÓN] Se ha insertado la Sesion: Equilibrio 
[12/08/24 13:54:29] [INFORMACIÓN] Se ha recuperado la sesion Equilibrio 
[12/08/24 13:54:29] [INFORMACIÓN] Se ha insertado la Sesion: Equilibrio 
[12/08/24 13:54:29] [INFORMACIÓN] Se ha recuperado la sesion Equilibrio 
[12/08/24 13:54:29] [INFORMACIÓN] Se ha insertado la Sesion: Equilibrio 
[12/08/24 13:54:29] [INFORMACIÓN] Se ha recuperado la sesion Equilibrio 
[12/08/24 13:54:29] [INFORMACIÓN] Se ha insertado la Sesion: Equilibrio 
[12/08/24 13:54:29] [INFORMACIÓN] Se ha recuperado la sesion Equilibrio 
[12/08/24 13:54:29] [INFORMACIÓN] Se ha insertado la Sesion: Equilibrio 
[12/08/24 13:54:29] [INFORMACIÓN] Se ha recuperado la sesion Equilibrio 
[12/08/24 13:54:29] [INFORMACIÓN] Se ha insertado la Sesion: Equilibrio 
[12/08/24 13:54:29] [INFORMACIÓN] Se ha recuperado la sesion Equilibrio 
[12/08/24 13:54:29] [INFORMACIÓN] Se ha insertado la Sesion: Equilibrio 
[12/08/24 13:54:29] [INFORMACIÓN] Se ha recuperado la sesion Equilibrio 
[12/08/24 13:54:29] [INFORMACIÓN] Se ha insertado la Sesion: Equilibrio 
[12/08/24 13:54:29] [INFORMACIÓN] Se ha recuperado la sesion Equilibrio 
[12/08/24 13:54:29] [INFORMACIÓN] Se ha insertado la Sesion: Equilibrio 
[12/08/24 13:54:29] [INFORMACIÓN] Se ha recuperado la sesion Equilibrio 
[12/08/24 13:54:29] [INFORMACIÓN] Se ha insertado la Sesion: Equilibrio 
[12/08/24 13:54:29] [INFORMACIÓN] Se ha recuperado la sesion Equilibrio 
[12/08/24 13:54:29] [INFORMACIÓN] Se ha insertado la Sesion: Equilibrio 
[12/08/24 13:54:29] [INFORMACIÓN] Se ha recuperado la sesion Equilibrio 
[12/08/24 13:54:29] [INFORMACIÓN] Se ha insertado la Sesion: Equilibrio 
[12/08/24 13:54:29] [INFORMACIÓN] Se ha recuperado la sesion Equilibrio 
[12/08/24 13:54:29] [INFORMACIÓN] Se ha insertado la Sesion: Equilibrio 
[12/08/24 13:54:29] [INFORMACIÓN] Se ha recuperado la sesion Gimnasia 
[12/08/24 13:54:29] [INFORMACIÓN] Se ha insertado la Sesion: Gimnasia 
[12/08/24 13:54:29] [INFORMACIÓN] Se ha recuperado la sesion Gimnasia 
[12/08/24 13:54:29] [INFORMACIÓN] Se ha insertado la Sesion: Gimnasia 
[12/08/24 13:54:29] [INFORMACIÓN] Se ha recuperado la sesion Gimnasia 
[12/08/24 13:54:29] [INFORMACIÓN] Se ha insertado la Sesion: Gimnasia 
[12/08/24 13:54:29] [INFORMACIÓN] Se ha recuperado la sesion Gimnasia 
[12/08/24 13:54:29] [INFORMACIÓN] Se ha insertado la Sesion: Gimnasia 
[12/08/24 13:54:29] [INFORMACIÓN] Se ha recuperado la sesion Gimnasia 
[12/08/24 13:54:29] [INFORMACIÓN] Se ha insertado la Sesion: Gimnasia 
[12/08/24 13:54:29] [INFORMACIÓN] Se ha recuperado la sesion Gimnasia 
[12/08/24 13:54:29] [INFORMACIÓN] Se ha insertado la Sesion: Gimnasia 
[12/08/24 13:54:29] [INFORMACIÓN] Se ha recuperado la sesion Gimnasia 
[12/08/24 13:54:29] [INFORMACIÓN] Se ha insertado la Sesion: Gimnasia 
[12/08/24 13:54:29] [INFORMACIÓN] Se ha recuperado la sesion Gimnasia 
[12/08/24 13:54:29] [INFORMACIÓN] Se ha insertado la Sesion: Gimnasia 
[12/08/24 13:54:29] [INFORMACIÓN] Se ha recuperado la sesion Gimnasia 
[12/08/24 13:54:29] [INFORMACIÓN] Se ha insertado la Sesion: Gimnasia 
[12/08/24 13:54:29] [INFORMACIÓN] Se ha recuperado la sesion Gimnasia 
[12/08/24 13:54:29] [INFORMACIÓN] Se ha insertado la Sesion: Gimnasia 
[12/08/24 13:54:29] [INFORMACIÓN] Se ha recuperado la sesion Gimnasia 
[12/08/24 13:54:29] [INFORMACIÓN] Se ha insertado la Sesion: Gimnasia 
[12/08/24 13:54:29] [INFORMACIÓN] Se ha recuperado la sesion Gimnasia 
[12/08/24 13:54:29] [INFORMACIÓN] Se ha insertado la Sesion: Gimnasia 
[12/08/24 13:54:29] [INFORMACIÓN] Se ha recuperado la sesion Gimnasia 
[12/08/24 13:54:29] [INFORMACIÓN] Se ha insertado la Sesion: Gimnasia 
[12/08/24 13:54:29] [INFORMACIÓN] Se ha recuperado la sesion Gimnasia 
[12/08/24 13:54:29] [INFORMACIÓN] Se ha insertado la Sesion: Gimnasia 
[12/08/24 13:54:29] [INFORMACIÓN] Se ha recuperado la sesion Gimnasia 
[12/08/24 13:54:29] [INFORMACIÓN] Se ha insertado la Sesion: Gimnasia 
[12/08/24 13:54:29] [INFORMACIÓN] Se ha recuperado la sesion HIIT 
[12/08/24 13:54:29] [INFORMACIÓN] Se ha insertado la Sesion: HIIT 
[12/08/24 13:54:29] [INFORMACIÓN] Se ha recuperado la sesion HIIT 
[12/08/24 13:54:29] [INFORMACIÓN] Se ha insertado la Sesion: HIIT 
[12/08/24 13:54:29] [INFORMACIÓN] Se ha recuperado la sesion HIIT 
[12/08/24 13:54:29] [INFORMACIÓN] Se ha insertado la Sesion: HIIT 
[12/08/24 13:54:29] [INFORMACIÓN] Se ha recuperado la sesion HIIT 
[12/08/24 13:54:29] [INFORMACIÓN] Se ha insertado la Sesion: HIIT 
[12/08/24 13:54:29] [INFORMACIÓN] Se ha recuperado la sesion HIIT 
[12/08/24 13:54:29] [INFORMACIÓN] Se ha insertado la Sesion: HIIT 
[12/08/24 13:54:29] [INFORMACIÓN] Se ha recuperado la sesion HIIT 
[12/08/24 13:54:30] [INFORMACIÓN] Se ha insertado la Sesion: HIIT 
[12/08/24 13:54:30] [INFORMACIÓN] Se ha recuperado la sesion HIIT 
[12/08/24 13:54:30] [INFORMACIÓN] Se ha insertado la Sesion: HIIT 
[12/08/24 13:54:30] [INFORMACIÓN] Se ha recuperado la sesion HIIT 
[12/08/24 13:54:30] [INFORMACIÓN] Se ha insertado la Sesion: HIIT 
[12/08/24 13:54:30] [INFORMACIÓN] Se ha recuperado la sesion HIIT 
[12/08/24 13:54:30] [INFORMACIÓN] Se ha insertado la Sesion: HIIT 
[12/08/24 13:54:30] [INFORMACIÓN] Se ha recuperado la sesion HIIT 
[12/08/24 13:54:30] [INFORMACIÓN] Se ha insertado la Sesion: HIIT 
[12/08/24 13:54:30] [INFORMACIÓN] Se ha recuperado la sesion HIIT 
[12/08/24 13:54:30] [INFORMACIÓN] Se ha insertado la Sesion: HIIT 
[12/08/24 13:54:30] [INFORMACIÓN] Se ha recuperado la sesion HIIT 
[12/08/24 13:54:30] [INFORMACIÓN] Se ha insertado la Sesion: HIIT 
[12/08/24 13:54:30] [INFORMACIÓN] Se ha recuperado la sesion HIIT 
[12/08/24 13:54:30] [INFORMACIÓN] Se ha insertado la Sesion: HIIT 
[12/08/24 13:54:30] [INFORMACIÓN] Se ha recuperado la sesion HIIT 
[12/08/24 13:54:30] [INFORMACIÓN] Se ha insertado la Sesion: HIIT 
[12/08/24 13:54:30] [INFORMACIÓN] Se ha recuperado la sesion HIIT 
[12/08/24 13:54:30] [INFORMACIÓN] Se ha insertado la Sesion: HIIT 
[12/08/24 13:54:30] [INFORMACIÓN] Se ha recuperado la sesion Yoga 
[12/08/24 13:54:30] [INFORMACIÓN] Se ha insertado la Sesion: Yoga 
[12/08/24 13:54:30] [INFORMACIÓN] Se ha recuperado la sesion Yoga 
[12/08/24 13:54:30] [INFORMACIÓN] Se ha insertado la Sesion: Yoga 
[12/08/24 13:54:30] [INFORMACIÓN] Se ha recuperado la sesion Yoga 
[12/08/24 13:54:30] [INFORMACIÓN] Se ha insertado la Sesion: Yoga 
[12/08/24 13:54:30] [INFORMACIÓN] Se ha recuperado la sesion Yoga 
[12/08/24 13:54:30] [INFORMACIÓN] Se ha insertado la Sesion: Yoga 
[12/08/24 13:54:30] [INFORMACIÓN] Se ha recuperado la sesion Yoga 
[12/08/24 13:54:30] [INFORMACIÓN] Se ha insertado la Sesion: Yoga 
[12/08/24 13:54:30] [INFORMACIÓN] Se ha recuperado la sesion Yoga 
[12/08/24 13:54:30] [INFORMACIÓN] Se ha insertado la Sesion: Yoga 
[12/08/24 13:54:30] [INFORMACIÓN] Se ha recuperado la sesion Yoga 
[12/08/24 13:54:30] [INFORMACIÓN] Se ha insertado la Sesion: Yoga 
[12/08/24 13:54:30] [INFORMACIÓN] Se ha recuperado la sesion Yoga 
[12/08/24 13:54:30] [INFORMACIÓN] Se ha insertado la Sesion: Yoga 
[12/08/24 13:54:30] [INFORMACIÓN] Se ha recuperado la sesion Yoga 
[12/08/24 13:54:30] [INFORMACIÓN] Se ha insertado la Sesion: Yoga 
[12/08/24 13:54:30] [INFORMACIÓN] Se ha recuperado la sesion Yoga 
[12/08/24 13:54:30] [INFORMACIÓN] Se ha insertado la Sesion: Yoga 
[12/08/24 13:54:30] [INFORMACIÓN] Se ha recuperado la sesion Yoga 
[12/08/24 13:54:30] [INFORMACIÓN] Se ha insertado la Sesion: Yoga 
[12/08/24 13:54:30] [INFORMACIÓN] Se ha recuperado la sesion Yoga 
[12/08/24 13:54:30] [INFORMACIÓN] Se ha insertado la Sesion: Yoga 
[12/08/24 13:54:30] [INFORMACIÓN] Se ha recuperado la sesion Yoga 
[12/08/24 13:54:30] [INFORMACIÓN] Se ha insertado la Sesion: Yoga 
[12/08/24 13:54:30] [INFORMACIÓN] Se ha recuperado la sesion Yoga 
[12/08/24 13:54:30] [INFORMACIÓN] Se ha insertado la Sesion: Yoga 
[12/08/24 13:54:30] [INFORMACIÓN] Se ha recuperado la sesion Yoga 
[12/08/24 13:54:30] [INFORMACIÓN] Se ha insertado la Sesion: Yoga 
